#
# There is insufficient memory for the Java Runtime Environment to continue.
# Native memory allocation (mmap) failed to map 65536 bytes for Failed to commit metaspace.
# Possible reasons:
#   The system is out of physical RAM or swap space
#   The process is running with CompressedOops enabled, and the Java Heap may be blocking the growth of the native heap
# Possible solutions:
#   Reduce memory load on the system
#   Increase physical memory or swap space
#   Check if swap backing store is full
#   Decrease Java heap size (-Xmx/-Xms)
#   Decrease number of Java threads
#   Decrease Java thread stack sizes (-Xss)
#   Set larger code cache with -XX:ReservedCodeCacheSize=
#   JVM is running with Zero Based Compressed Oops mode in which the Java heap is
#     placed in the first 32GB address space. The Java Heap base address is the
#     maximum limit for the native heap growth. Please use -XX:HeapBaseMinAddress
#     to set the Java Heap base and to place the Java Heap above 32GB virtual address.
# This output file may be truncated or incomplete.
#
#  Out of Memory Error (virtualSpaceNode.cpp:110), pid=27820, tid=30712
#
# JRE version: Java(TM) SE Runtime Environment (17.0.2+8) (build 17.0.2+8-LTS-86)
# Java VM: Java HotSpot(TM) 64-Bit Server VM (17.0.2+8-LTS-86, mixed mode, tiered, compressed oops, compressed class ptrs, g1 gc, windows-amd64)
# No core dump will be written. Minidumps are not enabled by default on client versions of Windows
#

---------------  S U M M A R Y ------------

Command Line: com.mhsh.mavenproject1.Server

Host: Intel(R) Core(TM) i7-4710HQ CPU @ 2.50GHz, 8 cores, 15G,  Windows 10 , 64 bit Build 19041 (10.0.19041.1741)
Time: Sun Jul 10 01:16:06 2022 Pacific Daylight Time elapsed time: 0.150091 seconds (0d 0h 0m 0s)

---------------  T H R E A D  ---------------

Current thread (0x000002714db21ec0):  JavaThread "main" [_thread_in_vm, id=30712, stack(0x000000e722000000,0x000000e722100000)]

Stack: [0x000000e722000000,0x000000e722100000]
Native frames: (J=compiled Java code, j=interpreted, Vv=VM code, C=native code)
V  [jvm.dll+0x670baa]
V  [jvm.dll+0x7cfcb4]
V  [jvm.dll+0x7d145e]
V  [jvm.dll+0x7d1ac3]
V  [jvm.dll+0x242bc5]
V  [jvm.dll+0x7cbc5b]
V  [jvm.dll+0x616966]
V  [jvm.dll+0x6169ca]
V  [jvm.dll+0x6191da]
V  [jvm.dll+0x617306]
V  [jvm.dll+0x24068c]
V  [jvm.dll+0x6c706d]
V  [jvm.dll+0x6c7a9f]
V  [jvm.dll+0x36c4c3]
V  [jvm.dll+0x36b682]
V  [jvm.dll+0x36b628]
V  [jvm.dll+0x557ddf]
V  [jvm.dll+0x557e88]
V  [jvm.dll+0x37eefe]
V  [jvm.dll+0x37e9a2]
C  0x0000027156b68abe

Java frames: (J=compiled Java code, j=interpreted, Vv=VM code)
j  java.lang.invoke.InvokerBytecodeGenerator.lookupPregenerated(Ljava/lang/invoke/LambdaForm;Ljava/lang/invoke/MethodType;)Ljava/lang/invoke/MemberName;+17 java.base@17.0.2
j  java.lang.invoke.InvokerBytecodeGenerator.generateCustomizedCode(Ljava/lang/invoke/LambdaForm;Ljava/lang/invoke/MethodType;)Ljava/lang/invoke/MemberName;+2 java.base@17.0.2
j  java.lang.invoke.LambdaForm.compileToBytecode()V+69 java.base@17.0.2
j  java.lang.invoke.DirectMethodHandle.makePreparedLambdaForm(Ljava/lang/invoke/MethodType;I)Ljava/lang/invoke/LambdaForm;+792 java.base@17.0.2
j  java.lang.invoke.DirectMethodHandle.preparedLambdaForm(Ljava/lang/invoke/MethodType;I)Ljava/lang/invoke/LambdaForm;+17 java.base@17.0.2
j  java.lang.invoke.DirectMethodHandle.preparedLambdaForm(Ljava/lang/invoke/MemberName;Z)Ljava/lang/invoke/LambdaForm;+159 java.base@17.0.2
j  java.lang.invoke.DirectMethodHandle.preparedLambdaForm(Ljava/lang/invoke/MemberName;)Ljava/lang/invoke/LambdaForm;+2 java.base@17.0.2
j  java.lang.invoke.DirectMethodHandle.make(BLjava/lang/Class;Ljava/lang/invoke/MemberName;Ljava/lang/Class;)Ljava/lang/invoke/DirectMethodHandle;+163 java.base@17.0.2
j  java.lang.invoke.MethodHandles$Lookup.getDirectMethodCommon(BLjava/lang/Class;Ljava/lang/invoke/MemberName;ZZLjava/lang/invoke/MethodHandles$Lookup;)Ljava/lang/invoke/MethodHandle;+210 java.base@17.0.2
j  java.lang.invoke.MethodHandles$Lookup.getDirectMethodNoSecurityManager(BLjava/lang/Class;Ljava/lang/invoke/MemberName;Ljava/lang/invoke/MethodHandles$Lookup;)Ljava/lang/invoke/MethodHandle;+14 java.base@17.0.2
j  java.lang.invoke.MethodHandles$Lookup.getDirectMethodForConstant(BLjava/lang/Class;Ljava/lang/invoke/MemberName;)Ljava/lang/invoke/MethodHandle;+31 java.base@17.0.2
j  java.lang.invoke.MethodHandles$Lookup.linkMethodHandleConstant(BLjava/lang/Class;Ljava/lang/String;Ljava/lang/Object;)Ljava/lang/invoke/MethodHandle;+153 java.base@17.0.2
j  java.lang.invoke.MethodHandleNatives.linkMethodHandleConstant(Ljava/lang/Class;ILjava/lang/Class;Ljava/lang/String;Ljava/lang/Object;)Ljava/lang/invoke/MethodHandle;+38 java.base@17.0.2
v  ~StubRoutines::call_stub
j  java.net.SocketImpl.usePlainSocketImpl()Z+0 java.base@17.0.2
j  java.net.SocketImpl.<clinit>()V+0 java.base@17.0.2
v  ~StubRoutines::call_stub
j  java.net.ServerSocket.setImpl()V+23 java.base@17.0.2
j  java.net.ServerSocket.<init>(IILjava/net/InetAddress;)V+31 java.base@17.0.2
j  java.net.ServerSocket.<init>(I)V+5 java.base@17.0.2
j  com.mhsh.mavenproject1.Server$1.<init>(Lcom/mhsh/mavenproject1/Server;I)V+7
j  com.mhsh.mavenproject1.Server.run()V+9
j  com.mhsh.mavenproject1.Server.main([Ljava/lang/String;)V+7
v  ~StubRoutines::call_stub

---------------  P R O C E S S  ---------------

Threads class SMR info:
_java_thread_list=0x00000271009b2320, length=12, elements={
0x000002714db21ec0, 0x00000271008363a0, 0x0000027100800460, 0x00000271727fd3e0,
0x00000271727fdca0, 0x00000271727fe960, 0x00000271008427e0, 0x0000027100844e50,
0x0000027100873e80, 0x0000027100876790, 0x00000271009d10c0, 0x0000027100a09020
}

Java Threads: ( => current thread )
=>0x000002714db21ec0 JavaThread "main" [_thread_in_vm, id=30712, stack(0x000000e722000000,0x000000e722100000)]
  0x00000271008363a0 JavaThread "Reference Handler" daemon [_thread_blocked, id=29832, stack(0x000000e722700000,0x000000e722800000)]
  0x0000027100800460 JavaThread "Finalizer" daemon [_thread_blocked, id=23564, stack(0x000000e722800000,0x000000e722900000)]
  0x00000271727fd3e0 JavaThread "Signal Dispatcher" daemon [_thread_blocked, id=24000, stack(0x000000e722900000,0x000000e722a00000)]
  0x00000271727fdca0 JavaThread "Attach Listener" daemon [_thread_blocked, id=22756, stack(0x000000e722a00000,0x000000e722b00000)]
  0x00000271727fe960 JavaThread "Service Thread" daemon [_thread_blocked, id=8176, stack(0x000000e722b00000,0x000000e722c00000)]
  0x00000271008427e0 JavaThread "Monitor Deflation Thread" daemon [_thread_blocked, id=30048, stack(0x000000e722c00000,0x000000e722d00000)]
  0x0000027100844e50 JavaThread "C2 CompilerThread0" daemon [_thread_blocked, id=23356, stack(0x000000e722d00000,0x000000e722e00000)]
  0x0000027100873e80 JavaThread "C1 CompilerThread0" daemon [_thread_blocked, id=31224, stack(0x000000e722e00000,0x000000e722f00000)]
  0x0000027100876790 JavaThread "Sweeper thread" daemon [_thread_blocked, id=5136, stack(0x000000e722f00000,0x000000e723000000)]
  0x00000271009d10c0 JavaThread "Notification Thread" daemon [_thread_blocked, id=16076, stack(0x000000e723000000,0x000000e723100000)]
  0x0000027100a09020 JavaThread "Common-Cleaner" daemon [_thread_blocked, id=24856, stack(0x000000e723200000,0x000000e723300000)]

Other Threads:
  0x0000027100823cf0 VMThread "VM Thread" [stack: 0x000000e722600000,0x000000e722700000] [id=15760]
  0x00000271009f59d0 WatcherThread [stack: 0x000000e723100000,0x000000e723200000] [id=17488]
  0x000002714db70b60 GCTaskThread "GC Thread#0" [stack: 0x000000e722100000,0x000000e722200000] [id=23328]
  0x000002714db818e0 ConcurrentGCThread "G1 Main Marker" [stack: 0x000000e722200000,0x000000e722300000] [id=30012]
  0x000002714db82a90 ConcurrentGCThread "G1 Conc#0" [stack: 0x000000e722300000,0x000000e722400000] [id=23692]
  0x000002714dbf7420 ConcurrentGCThread "G1 Refine#0" [stack: 0x000000e722400000,0x000000e722500000] [id=26432]
  0x00000271726620c0 ConcurrentGCThread "G1 Service" [stack: 0x000000e722500000,0x000000e722600000] [id=13056]

Threads with active compile tasks:

VM state: not at safepoint (normal execution)

VM Mutex/Monitor currently owned by a thread:  ([mutex/lock_event])
[0x000002714db1bce0] Metaspace_lock - owner thread: 0x000002714db21ec0

Heap address: 0x0000000701c00000, size: 4068 MB, Compressed Oops mode: Zero based, Oop shift amount: 3

CDS archive(s) not mapped
Compressed class space mapped at: 0x0000000800000000-0x0000000840000000, reserved size: 1073741824
Narrow klass base: 0x0000000800000000, Narrow klass shift: 0, Narrow klass range: 0x40000000

GC Precious Log:
 CPUs: 8 total, 8 available
 Memory: 16266M
 Large Page Support: Disabled
 NUMA Support: Disabled
 Compressed Oops: Enabled (Zero based)
 Heap Region Size: 2M
 Heap Min Capacity: 8M
 Heap Initial Capacity: 256M
 Heap Max Capacity: 4068M
 Pre-touch: Disabled
 Parallel Workers: 8
 Concurrent Workers: 2
 Concurrent Refinement Workers: 8
 Periodic GC: Disabled

Heap:
 garbage-first heap   total 262144K, used 2048K [0x0000000701c00000, 0x0000000800000000)
  region size 2048K, 2 young (4096K), 0 survivors (0K)
 Metaspace       used 5275K, committed 5376K, reserved 1056768K
  class space    used 438K, committed 512K, reserved 1048576K

Heap Regions: E=young(eden), S=young(survivor), O=old, HS=humongous(starts), HC=humongous(continues), CS=collection set, F=free, OA=open archive, CA=closed archive, TAMS=top-at-mark-start (previous, next)
|   0|0x0000000701c00000, 0x0000000701c00000, 0x0000000701e00000|  0%| F|  |TAMS 0x0000000701c00000, 0x0000000701c00000| Untracked 
|   1|0x0000000701e00000, 0x0000000701e00000, 0x0000000702000000|  0%| F|  |TAMS 0x0000000701e00000, 0x0000000701e00000| Untracked 
|   2|0x0000000702000000, 0x0000000702000000, 0x0000000702200000|  0%| F|  |TAMS 0x0000000702000000, 0x0000000702000000| Untracked 
|   3|0x0000000702200000, 0x0000000702200000, 0x0000000702400000|  0%| F|  |TAMS 0x0000000702200000, 0x0000000702200000| Untracked 
|   4|0x0000000702400000, 0x0000000702400000, 0x0000000702600000|  0%| F|  |TAMS 0x0000000702400000, 0x0000000702400000| Untracked 
|   5|0x0000000702600000, 0x0000000702600000, 0x0000000702800000|  0%| F|  |TAMS 0x0000000702600000, 0x0000000702600000| Untracked 
|   6|0x0000000702800000, 0x0000000702800000, 0x0000000702a00000|  0%| F|  |TAMS 0x0000000702800000, 0x0000000702800000| Untracked 
|   7|0x0000000702a00000, 0x0000000702a00000, 0x0000000702c00000|  0%| F|  |TAMS 0x0000000702a00000, 0x0000000702a00000| Untracked 
|   8|0x0000000702c00000, 0x0000000702c00000, 0x0000000702e00000|  0%| F|  |TAMS 0x0000000702c00000, 0x0000000702c00000| Untracked 
|   9|0x0000000702e00000, 0x0000000702e00000, 0x0000000703000000|  0%| F|  |TAMS 0x0000000702e00000, 0x0000000702e00000| Untracked 
|  10|0x0000000703000000, 0x0000000703000000, 0x0000000703200000|  0%| F|  |TAMS 0x0000000703000000, 0x0000000703000000| Untracked 
|  11|0x0000000703200000, 0x0000000703200000, 0x0000000703400000|  0%| F|  |TAMS 0x0000000703200000, 0x0000000703200000| Untracked 
|  12|0x0000000703400000, 0x0000000703400000, 0x0000000703600000|  0%| F|  |TAMS 0x0000000703400000, 0x0000000703400000| Untracked 
|  13|0x0000000703600000, 0x0000000703600000, 0x0000000703800000|  0%| F|  |TAMS 0x0000000703600000, 0x0000000703600000| Untracked 
|  14|0x0000000703800000, 0x0000000703800000, 0x0000000703a00000|  0%| F|  |TAMS 0x0000000703800000, 0x0000000703800000| Untracked 
|  15|0x0000000703a00000, 0x0000000703a00000, 0x0000000703c00000|  0%| F|  |TAMS 0x0000000703a00000, 0x0000000703a00000| Untracked 
|  16|0x0000000703c00000, 0x0000000703c00000, 0x0000000703e00000|  0%| F|  |TAMS 0x0000000703c00000, 0x0000000703c00000| Untracked 
|  17|0x0000000703e00000, 0x0000000703e00000, 0x0000000704000000|  0%| F|  |TAMS 0x0000000703e00000, 0x0000000703e00000| Untracked 
|  18|0x0000000704000000, 0x0000000704000000, 0x0000000704200000|  0%| F|  |TAMS 0x0000000704000000, 0x0000000704000000| Untracked 
|  19|0x0000000704200000, 0x0000000704200000, 0x0000000704400000|  0%| F|  |TAMS 0x0000000704200000, 0x0000000704200000| Untracked 
|  20|0x0000000704400000, 0x0000000704400000, 0x0000000704600000|  0%| F|  |TAMS 0x0000000704400000, 0x0000000704400000| Untracked 
|  21|0x0000000704600000, 0x0000000704600000, 0x0000000704800000|  0%| F|  |TAMS 0x0000000704600000, 0x0000000704600000| Untracked 
|  22|0x0000000704800000, 0x0000000704800000, 0x0000000704a00000|  0%| F|  |TAMS 0x0000000704800000, 0x0000000704800000| Untracked 
|  23|0x0000000704a00000, 0x0000000704a00000, 0x0000000704c00000|  0%| F|  |TAMS 0x0000000704a00000, 0x0000000704a00000| Untracked 
|  24|0x0000000704c00000, 0x0000000704c00000, 0x0000000704e00000|  0%| F|  |TAMS 0x0000000704c00000, 0x0000000704c00000| Untracked 
|  25|0x0000000704e00000, 0x0000000704e00000, 0x0000000705000000|  0%| F|  |TAMS 0x0000000704e00000, 0x0000000704e00000| Untracked 
|  26|0x0000000705000000, 0x0000000705000000, 0x0000000705200000|  0%| F|  |TAMS 0x0000000705000000, 0x0000000705000000| Untracked 
|  27|0x0000000705200000, 0x0000000705200000, 0x0000000705400000|  0%| F|  |TAMS 0x0000000705200000, 0x0000000705200000| Untracked 
|  28|0x0000000705400000, 0x0000000705400000, 0x0000000705600000|  0%| F|  |TAMS 0x0000000705400000, 0x0000000705400000| Untracked 
|  29|0x0000000705600000, 0x0000000705600000, 0x0000000705800000|  0%| F|  |TAMS 0x0000000705600000, 0x0000000705600000| Untracked 
|  30|0x0000000705800000, 0x0000000705800000, 0x0000000705a00000|  0%| F|  |TAMS 0x0000000705800000, 0x0000000705800000| Untracked 
|  31|0x0000000705a00000, 0x0000000705a00000, 0x0000000705c00000|  0%| F|  |TAMS 0x0000000705a00000, 0x0000000705a00000| Untracked 
|  32|0x0000000705c00000, 0x0000000705c00000, 0x0000000705e00000|  0%| F|  |TAMS 0x0000000705c00000, 0x0000000705c00000| Untracked 
|  33|0x0000000705e00000, 0x0000000705e00000, 0x0000000706000000|  0%| F|  |TAMS 0x0000000705e00000, 0x0000000705e00000| Untracked 
|  34|0x0000000706000000, 0x0000000706000000, 0x0000000706200000|  0%| F|  |TAMS 0x0000000706000000, 0x0000000706000000| Untracked 
|  35|0x0000000706200000, 0x0000000706200000, 0x0000000706400000|  0%| F|  |TAMS 0x0000000706200000, 0x0000000706200000| Untracked 
|  36|0x0000000706400000, 0x0000000706400000, 0x0000000706600000|  0%| F|  |TAMS 0x0000000706400000, 0x0000000706400000| Untracked 
|  37|0x0000000706600000, 0x0000000706600000, 0x0000000706800000|  0%| F|  |TAMS 0x0000000706600000, 0x0000000706600000| Untracked 
|  38|0x0000000706800000, 0x0000000706800000, 0x0000000706a00000|  0%| F|  |TAMS 0x0000000706800000, 0x0000000706800000| Untracked 
|  39|0x0000000706a00000, 0x0000000706a00000, 0x0000000706c00000|  0%| F|  |TAMS 0x0000000706a00000, 0x0000000706a00000| Untracked 
|  40|0x0000000706c00000, 0x0000000706c00000, 0x0000000706e00000|  0%| F|  |TAMS 0x0000000706c00000, 0x0000000706c00000| Untracked 
|  41|0x0000000706e00000, 0x0000000706e00000, 0x0000000707000000|  0%| F|  |TAMS 0x0000000706e00000, 0x0000000706e00000| Untracked 
|  42|0x0000000707000000, 0x0000000707000000, 0x0000000707200000|  0%| F|  |TAMS 0x0000000707000000, 0x0000000707000000| Untracked 
|  43|0x0000000707200000, 0x0000000707200000, 0x0000000707400000|  0%| F|  |TAMS 0x0000000707200000, 0x0000000707200000| Untracked 
|  44|0x0000000707400000, 0x0000000707400000, 0x0000000707600000|  0%| F|  |TAMS 0x0000000707400000, 0x0000000707400000| Untracked 
|  45|0x0000000707600000, 0x0000000707600000, 0x0000000707800000|  0%| F|  |TAMS 0x0000000707600000, 0x0000000707600000| Untracked 
|  46|0x0000000707800000, 0x0000000707800000, 0x0000000707a00000|  0%| F|  |TAMS 0x0000000707800000, 0x0000000707800000| Untracked 
|  47|0x0000000707a00000, 0x0000000707a00000, 0x0000000707c00000|  0%| F|  |TAMS 0x0000000707a00000, 0x0000000707a00000| Untracked 
|  48|0x0000000707c00000, 0x0000000707c00000, 0x0000000707e00000|  0%| F|  |TAMS 0x0000000707c00000, 0x0000000707c00000| Untracked 
|  49|0x0000000707e00000, 0x0000000707e00000, 0x0000000708000000|  0%| F|  |TAMS 0x0000000707e00000, 0x0000000707e00000| Untracked 
|  50|0x0000000708000000, 0x0000000708000000, 0x0000000708200000|  0%| F|  |TAMS 0x0000000708000000, 0x0000000708000000| Untracked 
|  51|0x0000000708200000, 0x0000000708200000, 0x0000000708400000|  0%| F|  |TAMS 0x0000000708200000, 0x0000000708200000| Untracked 
|  52|0x0000000708400000, 0x0000000708400000, 0x0000000708600000|  0%| F|  |TAMS 0x0000000708400000, 0x0000000708400000| Untracked 
|  53|0x0000000708600000, 0x0000000708600000, 0x0000000708800000|  0%| F|  |TAMS 0x0000000708600000, 0x0000000708600000| Untracked 
|  54|0x0000000708800000, 0x0000000708800000, 0x0000000708a00000|  0%| F|  |TAMS 0x0000000708800000, 0x0000000708800000| Untracked 
|  55|0x0000000708a00000, 0x0000000708a00000, 0x0000000708c00000|  0%| F|  |TAMS 0x0000000708a00000, 0x0000000708a00000| Untracked 
|  56|0x0000000708c00000, 0x0000000708c00000, 0x0000000708e00000|  0%| F|  |TAMS 0x0000000708c00000, 0x0000000708c00000| Untracked 
|  57|0x0000000708e00000, 0x0000000708e00000, 0x0000000709000000|  0%| F|  |TAMS 0x0000000708e00000, 0x0000000708e00000| Untracked 
|  58|0x0000000709000000, 0x0000000709000000, 0x0000000709200000|  0%| F|  |TAMS 0x0000000709000000, 0x0000000709000000| Untracked 
|  59|0x0000000709200000, 0x0000000709200000, 0x0000000709400000|  0%| F|  |TAMS 0x0000000709200000, 0x0000000709200000| Untracked 
|  60|0x0000000709400000, 0x0000000709400000, 0x0000000709600000|  0%| F|  |TAMS 0x0000000709400000, 0x0000000709400000| Untracked 
|  61|0x0000000709600000, 0x0000000709600000, 0x0000000709800000|  0%| F|  |TAMS 0x0000000709600000, 0x0000000709600000| Untracked 
|  62|0x0000000709800000, 0x0000000709800000, 0x0000000709a00000|  0%| F|  |TAMS 0x0000000709800000, 0x0000000709800000| Untracked 
|  63|0x0000000709a00000, 0x0000000709a00000, 0x0000000709c00000|  0%| F|  |TAMS 0x0000000709a00000, 0x0000000709a00000| Untracked 
|  64|0x0000000709c00000, 0x0000000709c00000, 0x0000000709e00000|  0%| F|  |TAMS 0x0000000709c00000, 0x0000000709c00000| Untracked 
|  65|0x0000000709e00000, 0x0000000709e00000, 0x000000070a000000|  0%| F|  |TAMS 0x0000000709e00000, 0x0000000709e00000| Untracked 
|  66|0x000000070a000000, 0x000000070a000000, 0x000000070a200000|  0%| F|  |TAMS 0x000000070a000000, 0x000000070a000000| Untracked 
|  67|0x000000070a200000, 0x000000070a200000, 0x000000070a400000|  0%| F|  |TAMS 0x000000070a200000, 0x000000070a200000| Untracked 
|  68|0x000000070a400000, 0x000000070a400000, 0x000000070a600000|  0%| F|  |TAMS 0x000000070a400000, 0x000000070a400000| Untracked 
|  69|0x000000070a600000, 0x000000070a600000, 0x000000070a800000|  0%| F|  |TAMS 0x000000070a600000, 0x000000070a600000| Untracked 
|  70|0x000000070a800000, 0x000000070a800000, 0x000000070aa00000|  0%| F|  |TAMS 0x000000070a800000, 0x000000070a800000| Untracked 
|  71|0x000000070aa00000, 0x000000070aa00000, 0x000000070ac00000|  0%| F|  |TAMS 0x000000070aa00000, 0x000000070aa00000| Untracked 
|  72|0x000000070ac00000, 0x000000070ac00000, 0x000000070ae00000|  0%| F|  |TAMS 0x000000070ac00000, 0x000000070ac00000| Untracked 
|  73|0x000000070ae00000, 0x000000070ae00000, 0x000000070b000000|  0%| F|  |TAMS 0x000000070ae00000, 0x000000070ae00000| Untracked 
|  74|0x000000070b000000, 0x000000070b000000, 0x000000070b200000|  0%| F|  |TAMS 0x000000070b000000, 0x000000070b000000| Untracked 
|  75|0x000000070b200000, 0x000000070b200000, 0x000000070b400000|  0%| F|  |TAMS 0x000000070b200000, 0x000000070b200000| Untracked 
|  76|0x000000070b400000, 0x000000070b400000, 0x000000070b600000|  0%| F|  |TAMS 0x000000070b400000, 0x000000070b400000| Untracked 
|  77|0x000000070b600000, 0x000000070b600000, 0x000000070b800000|  0%| F|  |TAMS 0x000000070b600000, 0x000000070b600000| Untracked 
|  78|0x000000070b800000, 0x000000070b800000, 0x000000070ba00000|  0%| F|  |TAMS 0x000000070b800000, 0x000000070b800000| Untracked 
|  79|0x000000070ba00000, 0x000000070ba00000, 0x000000070bc00000|  0%| F|  |TAMS 0x000000070ba00000, 0x000000070ba00000| Untracked 
|  80|0x000000070bc00000, 0x000000070bc00000, 0x000000070be00000|  0%| F|  |TAMS 0x000000070bc00000, 0x000000070bc00000| Untracked 
|  81|0x000000070be00000, 0x000000070be00000, 0x000000070c000000|  0%| F|  |TAMS 0x000000070be00000, 0x000000070be00000| Untracked 
|  82|0x000000070c000000, 0x000000070c000000, 0x000000070c200000|  0%| F|  |TAMS 0x000000070c000000, 0x000000070c000000| Untracked 
|  83|0x000000070c200000, 0x000000070c200000, 0x000000070c400000|  0%| F|  |TAMS 0x000000070c200000, 0x000000070c200000| Untracked 
|  84|0x000000070c400000, 0x000000070c400000, 0x000000070c600000|  0%| F|  |TAMS 0x000000070c400000, 0x000000070c400000| Untracked 
|  85|0x000000070c600000, 0x000000070c600000, 0x000000070c800000|  0%| F|  |TAMS 0x000000070c600000, 0x000000070c600000| Untracked 
|  86|0x000000070c800000, 0x000000070c800000, 0x000000070ca00000|  0%| F|  |TAMS 0x000000070c800000, 0x000000070c800000| Untracked 
|  87|0x000000070ca00000, 0x000000070ca00000, 0x000000070cc00000|  0%| F|  |TAMS 0x000000070ca00000, 0x000000070ca00000| Untracked 
|  88|0x000000070cc00000, 0x000000070cc00000, 0x000000070ce00000|  0%| F|  |TAMS 0x000000070cc00000, 0x000000070cc00000| Untracked 
|  89|0x000000070ce00000, 0x000000070ce00000, 0x000000070d000000|  0%| F|  |TAMS 0x000000070ce00000, 0x000000070ce00000| Untracked 
|  90|0x000000070d000000, 0x000000070d000000, 0x000000070d200000|  0%| F|  |TAMS 0x000000070d000000, 0x000000070d000000| Untracked 
|  91|0x000000070d200000, 0x000000070d200000, 0x000000070d400000|  0%| F|  |TAMS 0x000000070d200000, 0x000000070d200000| Untracked 
|  92|0x000000070d400000, 0x000000070d400000, 0x000000070d600000|  0%| F|  |TAMS 0x000000070d400000, 0x000000070d400000| Untracked 
|  93|0x000000070d600000, 0x000000070d600000, 0x000000070d800000|  0%| F|  |TAMS 0x000000070d600000, 0x000000070d600000| Untracked 
|  94|0x000000070d800000, 0x000000070d800000, 0x000000070da00000|  0%| F|  |TAMS 0x000000070d800000, 0x000000070d800000| Untracked 
|  95|0x000000070da00000, 0x000000070da00000, 0x000000070dc00000|  0%| F|  |TAMS 0x000000070da00000, 0x000000070da00000| Untracked 
|  96|0x000000070dc00000, 0x000000070dc00000, 0x000000070de00000|  0%| F|  |TAMS 0x000000070dc00000, 0x000000070dc00000| Untracked 
|  97|0x000000070de00000, 0x000000070de00000, 0x000000070e000000|  0%| F|  |TAMS 0x000000070de00000, 0x000000070de00000| Untracked 
|  98|0x000000070e000000, 0x000000070e000000, 0x000000070e200000|  0%| F|  |TAMS 0x000000070e000000, 0x000000070e000000| Untracked 
|  99|0x000000070e200000, 0x000000070e200000, 0x000000070e400000|  0%| F|  |TAMS 0x000000070e200000, 0x000000070e200000| Untracked 
| 100|0x000000070e400000, 0x000000070e400000, 0x000000070e600000|  0%| F|  |TAMS 0x000000070e400000, 0x000000070e400000| Untracked 
| 101|0x000000070e600000, 0x000000070e600000, 0x000000070e800000|  0%| F|  |TAMS 0x000000070e600000, 0x000000070e600000| Untracked 
| 102|0x000000070e800000, 0x000000070e800000, 0x000000070ea00000|  0%| F|  |TAMS 0x000000070e800000, 0x000000070e800000| Untracked 
| 103|0x000000070ea00000, 0x000000070ea00000, 0x000000070ec00000|  0%| F|  |TAMS 0x000000070ea00000, 0x000000070ea00000| Untracked 
| 104|0x000000070ec00000, 0x000000070ec00000, 0x000000070ee00000|  0%| F|  |TAMS 0x000000070ec00000, 0x000000070ec00000| Untracked 
| 105|0x000000070ee00000, 0x000000070ee00000, 0x000000070f000000|  0%| F|  |TAMS 0x000000070ee00000, 0x000000070ee00000| Untracked 
| 106|0x000000070f000000, 0x000000070f000000, 0x000000070f200000|  0%| F|  |TAMS 0x000000070f000000, 0x000000070f000000| Untracked 
| 107|0x000000070f200000, 0x000000070f200000, 0x000000070f400000|  0%| F|  |TAMS 0x000000070f200000, 0x000000070f200000| Untracked 
| 108|0x000000070f400000, 0x000000070f400000, 0x000000070f600000|  0%| F|  |TAMS 0x000000070f400000, 0x000000070f400000| Untracked 
| 109|0x000000070f600000, 0x000000070f600000, 0x000000070f800000|  0%| F|  |TAMS 0x000000070f600000, 0x000000070f600000| Untracked 
| 110|0x000000070f800000, 0x000000070f800000, 0x000000070fa00000|  0%| F|  |TAMS 0x000000070f800000, 0x000000070f800000| Untracked 
| 111|0x000000070fa00000, 0x000000070fa00000, 0x000000070fc00000|  0%| F|  |TAMS 0x000000070fa00000, 0x000000070fa00000| Untracked 
| 112|0x000000070fc00000, 0x000000070fc00000, 0x000000070fe00000|  0%| F|  |TAMS 0x000000070fc00000, 0x000000070fc00000| Untracked 
| 113|0x000000070fe00000, 0x000000070fe00000, 0x0000000710000000|  0%| F|  |TAMS 0x000000070fe00000, 0x000000070fe00000| Untracked 
| 114|0x0000000710000000, 0x0000000710000000, 0x0000000710200000|  0%| F|  |TAMS 0x0000000710000000, 0x0000000710000000| Untracked 
| 115|0x0000000710200000, 0x0000000710200000, 0x0000000710400000|  0%| F|  |TAMS 0x0000000710200000, 0x0000000710200000| Untracked 
| 116|0x0000000710400000, 0x0000000710400000, 0x0000000710600000|  0%| F|  |TAMS 0x0000000710400000, 0x0000000710400000| Untracked 
| 117|0x0000000710600000, 0x0000000710600000, 0x0000000710800000|  0%| F|  |TAMS 0x0000000710600000, 0x0000000710600000| Untracked 
| 118|0x0000000710800000, 0x0000000710800000, 0x0000000710a00000|  0%| F|  |TAMS 0x0000000710800000, 0x0000000710800000| Untracked 
| 119|0x0000000710a00000, 0x0000000710a00000, 0x0000000710c00000|  0%| F|  |TAMS 0x0000000710a00000, 0x0000000710a00000| Untracked 
| 120|0x0000000710c00000, 0x0000000710c00000, 0x0000000710e00000|  0%| F|  |TAMS 0x0000000710c00000, 0x0000000710c00000| Untracked 
| 121|0x0000000710e00000, 0x0000000710e00000, 0x0000000711000000|  0%| F|  |TAMS 0x0000000710e00000, 0x0000000710e00000| Untracked 
| 122|0x0000000711000000, 0x0000000711000000, 0x0000000711200000|  0%| F|  |TAMS 0x0000000711000000, 0x0000000711000000| Untracked 
| 123|0x0000000711200000, 0x0000000711200000, 0x0000000711400000|  0%| F|  |TAMS 0x0000000711200000, 0x0000000711200000| Untracked 
| 124|0x0000000711400000, 0x0000000711400000, 0x0000000711600000|  0%| F|  |TAMS 0x0000000711400000, 0x0000000711400000| Untracked 
| 125|0x0000000711600000, 0x0000000711600000, 0x0000000711800000|  0%| F|  |TAMS 0x0000000711600000, 0x0000000711600000| Untracked 
| 126|0x0000000711800000, 0x00000007118cae08, 0x0000000711a00000| 39%| E|  |TAMS 0x0000000711800000, 0x0000000711800000| Complete 
| 127|0x0000000711a00000, 0x0000000711c00000, 0x0000000711c00000|100%| E|CS|TAMS 0x0000000711a00000, 0x0000000711a00000| Complete 

Card table byte_map: [0x0000027166dc0000,0x00000271675c0000] _byte_map_base: 0x00000271635b2000

Marking Bits (Prev, Next): (CMBitMap*) 0x000002714db71170, (CMBitMap*) 0x000002714db711b0
 Prev Bits: [0x0000027167dc0000, 0x000002716bd50000)
 Next Bits: [0x000002716bd50000, 0x000002716fce0000)

Polling page: 0x0000027156b30000

Metaspace:

Usage:
  Non-class:      4.72 MB used.
      Class:    438.55 KB used.
       Both:      5.15 MB used.

Virtual space:
  Non-class space:        8.00 MB reserved,       4.75 MB ( 59%) committed,  1 nodes.
      Class space:        1.00 GB reserved,     512.00 KB ( <1%) committed,  1 nodes.
             Both:        1.01 GB reserved,       5.25 MB ( <1%) committed. 

Chunk freelists:
   Non-Class:  2.89 MB
       Class:  3.54 MB
        Both:  6.43 MB

MaxMetaspaceSize: unlimited
CompressedClassSpaceSize: 1.00 GB
Initial GC threshold: 21.00 MB
Current GC threshold: 21.00 MB
CDS: off
MetaspaceReclaimPolicy: balanced
 - commit_granule_bytes: 65536.
 - commit_granule_words: 8192.
 - virtual_space_node_default_size: 1048576.
 - enlarge_chunks_in_place: 1.
 - new_chunks_are_fully_committed: 0.
 - uncommit_free_chunks: 1.
 - use_allocation_guard: 0.
 - handle_deallocations: 1.


Internal statistics:

num_allocs_failed_limit: 0.
num_arena_births: 6.
num_arena_deaths: 0.
num_vsnodes_births: 2.
num_vsnodes_deaths: 0.
num_space_committed: 84.
num_space_uncommitted: 0.
num_chunks_returned_to_freelist: 0.
num_chunks_taken_from_freelist: 20.
num_chunk_merges: 0.
num_chunk_splits: 11.
num_chunks_enlarged: 7.
num_purges: 0.
num_inconsistent_stats: 0.

CodeHeap 'non-profiled nmethods': size=120000Kb used=21Kb max_used=21Kb free=119978Kb
 bounds [0x000002715e620000, 0x000002715e890000, 0x0000027165b50000]
CodeHeap 'profiled nmethods': size=120000Kb used=172Kb max_used=172Kb free=119828Kb
 bounds [0x00000271570f0000, 0x0000027157360000, 0x000002715e620000]
CodeHeap 'non-nmethods': size=5760Kb used=1075Kb max_used=1075Kb free=4684Kb
 bounds [0x0000027156b50000, 0x0000027156dc0000, 0x00000271570f0000]
 total_blobs=463 nmethods=122 adapters=254
 compilation: enabled
              stopped_count=0, restarted_count=0
 full_count=0

Compilation events (20 events):
Event: 0.137 Thread 0x0000027100873e80 nmethod 109 0x0000027157117f10 code [0x00000271571180c0, 0x0000027157118398]
Event: 0.137 Thread 0x0000027100873e80  110       3       java.util.zip.ZipFile$Source::isMetaName (141 bytes)
Event: 0.137 Thread 0x0000027100873e80 nmethod 110 0x0000027157118510 code [0x00000271571186c0, 0x0000027157118bd8]
Event: 0.137 Thread 0x0000027100873e80  113       3       sun.nio.fs.WindowsPathParser::isInvalidPathChar (22 bytes)
Event: 0.137 Thread 0x0000027100873e80 nmethod 113 0x0000027157118d90 code [0x0000027157118f60, 0x00000271571192a8]
Event: 0.139 Thread 0x0000027100873e80  114       3       jdk.internal.util.ArraysSupport::newLength (27 bytes)
Event: 0.139 Thread 0x0000027100873e80 nmethod 114 0x0000027157119410 code [0x00000271571195c0, 0x0000027157119828]
Event: 0.139 Thread 0x0000027100844e50 nmethod 112% 0x000002715e624510 code [0x000002715e6246a0, 0x000002715e624978]
Event: 0.140 Thread 0x0000027100844e50  115       4       java.util.zip.ZipFile$Source::zipCoderForPos (39 bytes)
Event: 0.140 Thread 0x0000027100873e80  116       3       java.lang.ref.Reference::reachabilityFence (1 bytes)
Event: 0.140 Thread 0x0000027100873e80 nmethod 116 0x0000027157119910 code [0x0000027157119aa0, 0x0000027157119b98]
Event: 0.140 Thread 0x0000027100844e50 nmethod 115 0x000002715e624b10 code [0x000002715e624c80, 0x000002715e624d38]
Event: 0.141 Thread 0x0000027100873e80  117       3       java.util.Arrays::copyOf (19 bytes)
Event: 0.141 Thread 0x0000027100873e80 nmethod 117 0x0000027157119c10 code [0x0000027157119dc0, 0x000002715711a0a8]
Event: 0.142 Thread 0x0000027100873e80  118       3       java.lang.AbstractStringBuilder::<init> (39 bytes)
Event: 0.142 Thread 0x0000027100873e80 nmethod 118 0x000002715711a210 code [0x000002715711a3c0, 0x000002715711a658]
Event: 0.142 Thread 0x0000027100873e80  119       3       java.lang.StringBuilder::toString (35 bytes)
Event: 0.142 Thread 0x0000027100873e80 nmethod 119 0x000002715711a710 code [0x000002715711a8e0, 0x000002715711abb8]
Event: 0.142 Thread 0x0000027100873e80  120       3       java.lang.String::startsWith (7 bytes)
Event: 0.142 Thread 0x0000027100873e80 nmethod 120 0x000002715711ac90 code [0x000002715711ae20, 0x000002715711af68]

GC Heap History (0 events):
No events

Deoptimization events (0 events):
No events

Classes unloaded (0 events):
No events

Classes redefined (0 events):
No events

Internal exceptions (0 events):
No events

VM Operations (2 events):
Event: 0.107 Executing VM operation: HandshakeAllThreads
Event: 0.107 Executing VM operation: HandshakeAllThreads done

Events (20 events):
Event: 0.145 loading class sun/invoke/util/ValueConversions
Event: 0.145 loading class sun/invoke/util/ValueConversions done
Event: 0.145 loading class java/lang/invoke/MethodHandleImpl
Event: 0.146 loading class java/lang/invoke/MethodHandleImpl done
Event: 0.146 loading class java/lang/invoke/Invokers
Event: 0.146 loading class java/lang/invoke/Invokers done
Event: 0.146 loading class java/lang/invoke/LambdaForm$Kind
Event: 0.146 loading class java/lang/invoke/LambdaForm$Kind done
Event: 0.146 loading class java/lang/NoSuchMethodException
Event: 0.147 loading class java/lang/NoSuchMethodException done
Event: 0.147 loading class java/lang/invoke/LambdaForm$BasicType
Event: 0.147 loading class java/lang/invoke/LambdaForm$BasicType done
Event: 0.147 loading class java/lang/invoke/LambdaForm$Name
Event: 0.147 loading class java/lang/invoke/LambdaForm$Name done
Event: 0.147 loading class java/lang/invoke/LambdaForm$Holder
Event: 0.147 loading class java/lang/invoke/LambdaForm$Holder done
Event: 0.147 loading class java/lang/invoke/InvokerBytecodeGenerator
Event: 0.148 loading class java/lang/invoke/InvokerBytecodeGenerator done
Event: 0.148 loading class java/lang/invoke/InvokerBytecodeGenerator$2
Event: 0.148 loading class java/lang/invoke/InvokerBytecodeGenerator$2 done


Dynamic libraries:
0x00007ff737720000 - 0x00007ff737730000 	C:\Program Files\Java\jdk-17.0.2\bin\java.exe
0x00007ff9afcf0000 - 0x00007ff9afee7000 	C:\WINDOWS\SYSTEM32\ntdll.dll
0x00007ff9afbf0000 - 0x00007ff9afcad000 	C:\WINDOWS\System32\KERNEL32.DLL
0x00007ff9ad410000 - 0x00007ff9ad6dd000 	C:\WINDOWS\System32\KERNELBASE.dll
0x00007ff9adc50000 - 0x00007ff9add50000 	C:\WINDOWS\System32\ucrtbase.dll
0x00007ff9a6ce0000 - 0x00007ff9a6cfa000 	C:\Program Files\Java\jdk-17.0.2\bin\VCRUNTIME140.dll
0x00007ff9a83e0000 - 0x00007ff9a83f8000 	C:\Program Files\Java\jdk-17.0.2\bin\jli.dll
0x00007ff9ae430000 - 0x00007ff9ae4de000 	C:\WINDOWS\System32\ADVAPI32.dll
0x00007ff9af640000 - 0x00007ff9af6de000 	C:\WINDOWS\System32\msvcrt.dll
0x00007ff9af6e0000 - 0x00007ff9af77c000 	C:\WINDOWS\System32\sechost.dll
0x00007ff9ae270000 - 0x00007ff9ae395000 	C:\WINDOWS\System32\RPCRT4.dll
0x00007ff9afa50000 - 0x00007ff9afbf0000 	C:\WINDOWS\System32\USER32.dll
0x00007ff9ad820000 - 0x00007ff9ad842000 	C:\WINDOWS\System32\win32u.dll
0x00007ff9ac7c0000 - 0x00007ff9aca5a000 	C:\WINDOWS\WinSxS\amd64_microsoft.windows.common-controls_6595b64144ccf1df_6.0.19041.1110_none_60b5254171f9507e\COMCTL32.dll
0x00007ff9ae620000 - 0x00007ff9ae64a000 	C:\WINDOWS\System32\GDI32.dll
0x00007ff9ad710000 - 0x00007ff9ad81b000 	C:\WINDOWS\System32\gdi32full.dll
0x00007ff9ad9c0000 - 0x00007ff9ada5d000 	C:\WINDOWS\System32\msvcp_win.dll
0x00007ff9a2940000 - 0x00007ff9a294a000 	C:\WINDOWS\SYSTEM32\VERSION.dll
0x00007ff9ae120000 - 0x00007ff9ae150000 	C:\WINDOWS\System32\IMM32.DLL
0x00007ff9ab210000 - 0x00007ff9ab21c000 	C:\Program Files\Java\jdk-17.0.2\bin\vcruntime140_1.dll
0x00007ff984a10000 - 0x00007ff984a9d000 	C:\Program Files\Java\jdk-17.0.2\bin\msvcp140.dll
0x00007ff963870000 - 0x00007ff964431000 	C:\Program Files\Java\jdk-17.0.2\bin\server\jvm.dll
0x00007ff9ae0b0000 - 0x00007ff9ae0b8000 	C:\WINDOWS\System32\PSAPI.DLL
0x00007ff9ab240000 - 0x00007ff9ab249000 	C:\WINDOWS\SYSTEM32\WSOCK32.dll
0x00007ff99e330000 - 0x00007ff99e357000 	C:\WINDOWS\SYSTEM32\WINMM.dll
0x00007ff9ae650000 - 0x00007ff9ae6bb000 	C:\WINDOWS\System32\WS2_32.dll
0x00007ff9aa520000 - 0x00007ff9aa532000 	C:\WINDOWS\SYSTEM32\kernel.appcore.dll
0x00007ff9ab000000 - 0x00007ff9ab00a000 	C:\Program Files\Java\jdk-17.0.2\bin\jimage.dll
0x00007ff9acd40000 - 0x00007ff9acf24000 	C:\WINDOWS\SYSTEM32\DBGHELP.DLL
0x00007ff9acb70000 - 0x00007ff9acb9c000 	C:\WINDOWS\SYSTEM32\dbgcore.DLL
0x00007ff9adbc0000 - 0x00007ff9adc42000 	C:\WINDOWS\System32\bcryptPrimitives.dll
0x00007ff9a6bf0000 - 0x00007ff9a6c15000 	C:\Program Files\Java\jdk-17.0.2\bin\java.dll
0x00007ff99d690000 - 0x00007ff99d766000 	C:\Program Files\Java\jdk-17.0.2\bin\jsvml.dll
0x00007ff9ae8c0000 - 0x00007ff9af004000 	C:\WINDOWS\System32\SHELL32.dll
0x00007ff9aa720000 - 0x00007ff9aaeb4000 	C:\WINDOWS\SYSTEM32\windows.storage.dll
0x00007ff9add50000 - 0x00007ff9ae0a4000 	C:\WINDOWS\System32\combase.dll
0x00007ff9ac720000 - 0x00007ff9ac74c000 	C:\WINDOWS\SYSTEM32\Wldp.dll
0x00007ff9ae160000 - 0x00007ff9ae20d000 	C:\WINDOWS\System32\SHCORE.dll
0x00007ff9af920000 - 0x00007ff9af975000 	C:\WINDOWS\System32\shlwapi.dll
0x00007ff9ad350000 - 0x00007ff9ad36f000 	C:\WINDOWS\SYSTEM32\profapi.dll
0x00007ff9a6c80000 - 0x00007ff9a6c99000 	C:\Program Files\Java\jdk-17.0.2\bin\net.dll
0x00007ff9a5b40000 - 0x00007ff9a5c4a000 	C:\WINDOWS\SYSTEM32\WINHTTP.dll
0x00007ff9ac5f0000 - 0x00007ff9ac65a000 	C:\WINDOWS\system32\mswsock.dll
0x00007ff9a6b40000 - 0x00007ff9a6b56000 	C:\Program Files\Java\jdk-17.0.2\bin\nio.dll
0x00007ff9a6b20000 - 0x00007ff9a6b38000 	C:\Program Files\Java\jdk-17.0.2\bin\zip.dll

dbghelp: loaded successfully - version: 4.0.5 - missing functions: none
symbol engine: initialized successfully - sym options: 0x614 - pdb path: .;C:\Program Files\Java\jdk-17.0.2\bin;C:\WINDOWS\SYSTEM32;C:\WINDOWS\WinSxS\amd64_microsoft.windows.common-controls_6595b64144ccf1df_6.0.19041.1110_none_60b5254171f9507e;C:\Program Files\Java\jdk-17.0.2\bin\server

VM Arguments:
java_command: com.mhsh.mavenproject1.Server
java_class_path (initial): C:\Users\Shahin\Documents\NetBeansProjects\mavenproject1\target\classes;C:\Users\Shahin\.m2\repository\org\openjfx\javafx-controls\13\javafx-controls-13.jar;C:\Users\Shahin\.m2\repository\org\openjfx\javafx-controls\13\javafx-controls-13-win.jar;C:\Users\Shahin\.m2\repository\org\openjfx\javafx-graphics\13\javafx-graphics-13.jar;C:\Users\Shahin\.m2\repository\org\openjfx\javafx-graphics\13\javafx-graphics-13-win.jar;C:\Users\Shahin\.m2\repository\org\openjfx\javafx-base\13\javafx-base-13.jar;C:\Users\Shahin\.m2\repository\org\openjfx\javafx-base\13\javafx-base-13-win.jar;C:\Users\Shahin\.m2\repository\org\openjfx\javafx-fxml\13\javafx-fxml-13.jar;C:\Users\Shahin\.m2\repository\org\openjfx\javafx-fxml\13\javafx-fxml-13-win.jar
Launcher Type: SUN_STANDARD

[Global flags]
     intx CICompilerCount                          = 4                                         {product} {ergonomic}
     uint ConcGCThreads                            = 2                                         {product} {ergonomic}
     uint G1ConcRefinementThreads                  = 8                                         {product} {ergonomic}
   size_t G1HeapRegionSize                         = 2097152                                   {product} {ergonomic}
    uintx GCDrainStackTargetSize                   = 64                                        {product} {ergonomic}
   size_t InitialHeapSize                          = 268435456                                 {product} {ergonomic}
   size_t MarkStackSize                            = 4194304                                   {product} {ergonomic}
   size_t MaxHeapSize                              = 4265607168                                {product} {ergonomic}
   size_t MaxNewSize                               = 2558525440                                {product} {ergonomic}
   size_t MinHeapDeltaBytes                        = 2097152                                   {product} {ergonomic}
   size_t MinHeapSize                              = 8388608                                   {product} {ergonomic}
    uintx NonNMethodCodeHeapSize                   = 5839372                                {pd product} {ergonomic}
    uintx NonProfiledCodeHeapSize                  = 122909434                              {pd product} {ergonomic}
    uintx ProfiledCodeHeapSize                     = 122909434                              {pd product} {ergonomic}
    uintx ReservedCodeCacheSize                    = 251658240                              {pd product} {ergonomic}
     bool SegmentedCodeCache                       = true                                      {product} {ergonomic}
   size_t SoftMaxHeapSize                          = 4265607168                             {manageable} {ergonomic}
     bool UseCompressedClassPointers               = true                           {product lp64_product} {ergonomic}
     bool UseCompressedOops                        = true                           {product lp64_product} {ergonomic}
     bool UseG1GC                                  = true                                      {product} {ergonomic}
     bool UseLargePagesIndividualAllocation        = false                                  {pd product} {ergonomic}

Logging:
Log output configuration:
 #0: stdout all=warning uptime,level,tags
 #1: stderr all=off uptime,level,tags

Environment Variables:
JAVA_HOME=C:\Program Files\Java\jdk-17.0.2
PATH=C:\Program Files (x86)\Common Files\Oracle\Java\javapath;C:\Program Files\Common Files\Oracle\Java\javapath;C:\WINDOWS\system32;C:\WINDOWS;C:\WINDOWS\System32\Wbem;C:\WINDOWS\System32\WindowsPowerShell\v1.0\;C:\WINDOWS\System32\OpenSSH\;C:\Program Files\Git\cmd;C:\Program Files\Microsoft VS Code\bin;C:\Users\Shahin\AppData\Local\Microsoft\WindowsApps;;C:\Program Files\JetBrains\IntelliJ IDEA 2021.3\bin;
USERNAME=Shahin
OS=Windows_NT
PROCESSOR_IDENTIFIER=Intel64 Family 6 Model 60 Stepping 3, GenuineIntel



---------------  S Y S T E M  ---------------

OS:
 Windows 10 , 64 bit Build 19041 (10.0.19041.1741)
OS uptime: 6 days 23:24 hours

CPU: total 8 (initial active 8) (4 cores per cpu, 2 threads per core) family 6 model 60 stepping 3 microcode 0x27, cx8, cmov, fxsr, ht, mmx, sse, sse2, sse3, ssse3, sse4.1, sse4.2, popcnt, lzcnt, tsc, tscinvbit, avx, avx2, aes, erms, clmul, bmi1, bmi2, fma, vzeroupper, clflush

Memory: 4k page, system-wide physical 16266M (2925M free)
TotalPageFile size 31452M (AvailPageFile size 3M)
current process WorkingSet (physical memory assigned to process): 31M, peak: 31M
current process commit charge ("private bytes"): 337M, peak: 338M

vm_info: Java HotSpot(TM) 64-Bit Server VM (17.0.2+8-LTS-86) for windows-amd64 JRE (17.0.2+8-LTS-86), built on Dec  7 2021 21:51:03 by "mach5one" with MS VC++ 16.8 / 16.9 (VS2019)

END.
